[{"stream_name":"stderr","time":6.542009786,"data":"/usr/local/lib/python3.12/dist-packages/nbformat/__init__.py:96: MissingIDFieldWarning: Cell is missing an id field, this will become a hard error in future nbformat versions. You may want to use `normalize()` on your notebooks before validations (available since nbformat 5.1.4). Previous versions of nbformat are fixing this issue transparently, and will stop doing so in the future.\n"}
,{"stream_name":"stderr","time":6.542101555,"data":"  validate(nb)\n"}
,{"stream_name":"stderr","time":7.446340103,"data":"0.00s - Debugger warning: It seems that frozen modules are being used, which may\n"}
,{"stream_name":"stderr","time":7.446377029,"data":"0.00s - make the debugger miss breakpoints. Please pass -Xfrozen_modules=off\n"}
,{"stream_name":"stderr","time":7.446380436,"data":"0.00s - to python to disable frozen modules.\n"}
,{"stream_name":"stderr","time":7.446383043,"data":"0.00s - Note: Debugging will proceed. Set PYDEVD_DISABLE_FILE_VALIDATION=1 to disable this validation.\n"}
,{"stream_name":"stderr","time":8.091580015,"data":"0.00s - Debugger warning: It seems that frozen modules are being used, which may\n"}
,{"stream_name":"stderr","time":8.09161215,"data":"0.00s - make the debugger miss breakpoints. Please pass -Xfrozen_modules=off\n"}
,{"stream_name":"stderr","time":8.091617718,"data":"0.00s - to python to disable frozen modules.\n"}
,{"stream_name":"stderr","time":8.091621918,"data":"0.00s - Note: Debugging will proceed. Set PYDEVD_DISABLE_FILE_VALIDATION=1 to disable this validation.\n"}
,{"stream_name":"stdout","time":14.106889643,"data":"Tesla T4\n"}
,{"stream_name":"stdout","time":14.1872119,"data":"Cloning into '/kaggle/working/Devnagari_Handwriting_Recognition'...\r\n"}
,{"stream_name":"stdout","time":14.646063146,"data":"remote: Enumerating objects: 83, done.\u001b[K\r\n"}
,{"stream_name":"stdout","time":14.646097174,"data":"remote: Counting objects:   1% (1/83)\u001b[K\rremote: Counting objects:   2% (2/83)\u001b[K\rremote: Counting objects:   3% (3/83)\u001b[K\rremote: Counting objects:   4% (4/83)\u001b[K\rremote: Counting objects:   6% (5/83)\u001b[K\rremote: Counting objects:   7% (6/83)\u001b[K\rremote: Counting objects:   8% (7/83)\u001b[K\rremote: Counting objects:   9% (8/83)\u001b[K\rremote: Counting objects:  10% (9/83)\u001b[K\rremote: Counting objects:  12% (10/83)\u001b[K\rremote: Counting objects:  13% (11/83)\u001b[K\rremote: Counting objects:  14% (12/83)\u001b[K\rremote: Counting objects:  15% (13/83)\u001b[K\rremote: Counting objects:  16% (14/83)\u001b[K\rremote: Counting objects:  18% (15/83)\u001b[K\rremote: Counting objects:  19% (16/83)\u001b[K\rremote: Counting objects:  20% (17/83)\u001b[K\rremote: Counting objects:  21% (18/83)\u001b[K\rremote: Counting objects:  22% (19/83)\u001b[K\rremote: Counting objects:  24% (20/83)\u001b[K\rremote: Counting objects:  25% (21/83)\u001b[K\rremote: Counting objects:  26% (22/83)\u001b[K\rremote: Counting objects:  27% (23/83)\u001b[K\rremote: Counting objects:  28% (24/83)\u001b[K\rremote: Counting objects:  30% (25/83)\u001b[K\rremote: Counting objects:  31% (26/83)\u001b[K\rremote: Counting objects:  32% (27/83)\u001b[K\rremote: Counting objects:  33% (28/83)\u001b[K\rremote: Counting objects:  34% (29/83)\u001b[K\rremote: Counting objects:  36% (30/83)\u001b[K\rremote: Counting objects:  37% (31/83)\u001b[K\rremote: Counting objects:  38% (32/83)\u001b[K\rremote: Counting objects:  39% (33/83)\u001b[K\rremote: Counting objects:  40% (34/83)\u001b[K\rremote: Counting objects:  42% (35/83)\u001b[K\rremote: Counting objects:  43% (36/83)\u001b[K\rremote: Counting objects:  44% (37/83)\u001b[K\rremote: Counting objects:  45% (38/83)\u001b[K\rremote: Counting objects:  46% (39/83)\u001b[K\rremote: Counting objects:  48% (40/83)\u001b[K\rremote: Counting objects:  49% (41/83)\u001b[K\rremote: Counting objects:  50% (42/83)\u001b[K\rremote: Counting objects:  51% (43/83)\u001b[K\rremote: Counting objects:  53% (44/83)\u001b[K\rremote: Counting objects:  54% (45/83)\u001b[K\rremote: Counting objects:  55% (46/83)\u001b[K\rremote: Counting objects:  56% (47/83)\u001b[K\rremote: Counting objects:  57% (48/83)\u001b[K\rremote: Counting objects:  59% (49/83)\u001b[K\rremote: Counting objects:  60% (50/83)\u001b[K\rremote: Counting objects:  61% (51/83)\u001b[K\rremote: Counting objects:  62% (52/83)\u001b[K\rremote: Counting objects:  63% (53/83)\u001b[K\rremote: Counting objects:  65% (54/83)\u001b[K\rremote: Counting objects:  66% (55/83)\u001b[K\rremote: Counting objects:  67% (56/83)\u001b[K\rremote: Counting objects:  68% (57/83)\u001b[K\rremote: Counting objects:  69% (58/83)\u001b[K\rremote: Counting objects:  71% (59/83)\u001b[K\rremote: Counting objects:  72% (60/83)\u001b[K\rremote: Counting objects:  73% (61/83)\u001b[K\rremote: Counting objects:  74% (62/83)\u001b[K\rremote: Counting objects:  75% (63/83)\u001b[K\rremote: Counting objects:  77% (64/83)\u001b[K\rremote: Counting objects:  78% (65/83)\u001b[K\rremote: Counting objects:  79% (66/83)\u001b[K\rremote: Counting objects:  80% (67/83)\u001b[K\rremote: Counting objects:  81% (68/83)\u001b[K\rremote: Counting objects:  83% (69/83)\u001b[K\rremote: Counting objects:  84% (70/83)\u001b[K\rremote: Counting objects:  85% (71/83)\u001b[K\rremote: Counting objects:  86% (72/83)\u001b[K\rremote: Counting objects:  87% (73/83)\u001b[K\rremote: Counting objects:  89% (74/83)\u001b[K\rremote: Counting objects:  90% (75/83)\u001b[K\rremote: Counting objects:  91% (76/83)\u001b[K\rremote: Counting objects:  92% (77/83)\u001b[K\rremote: Counting objects:  93% (78/83)\u001b[K\rremote: Counting objects:  95% (79/83)\u001b[K\rremote: Counting objects:  96% (80/83)\u001b[K\rremote: Counting objects:  97% (81/83)\u001b[K\rremote: Counting objects:  98% (82/83)\u001b[K\rremote: Counting objects: 100% (83/83)\u001b[K\rremote: Counting objects: 100% (83/83), done.\u001b[K\r\n"}
,{"stream_name":"stdout","time":14.79876087,"data":"remote: Compressing objects:   1% (1/67)\u001b[K\rremote: Compressing objects:   2% (2/67)\u001b[K\rremote: Compressing objects:   4% (3/67)\u001b[K\rremote: Compressing objects:   5% (4/67)\u001b[K\rremote: Compressing objects:   7% (5/67)\u001b[K\rremote: Compressing objects:   8% (6/67)\u001b[K\rremote: Compressing objects:  10% (7/67)\u001b[K\rremote: Compressing objects:  11% (8/67)\u001b[K\rremote: Compressing objects:  13% (9/67)\u001b[K\rremote: Compressing objects:  14% (10/67)\u001b[K\rremote: Compressing objects:  16% (11/67)\u001b[K\rremote: Compressing objects:  17% (12/67)\u001b[K\rremote: Compressing objects:  19% (13/67)\u001b[K\rremote: Compressing objects:  20% (14/67)\u001b[K\rremote: Compressing objects:  22% (15/67)\u001b[K\rremote: Compressing objects:  23% (16/67)\u001b[K\rremote: Compressing objects:  25% (17/67)\u001b[K\rremote: Compressing objects:  26% (18/67)\u001b[K\rremote: Compressing objects:  28% (19/67)\u001b[K\rremote: Compressing objects:  29% (20/67)\u001b[K\rremote: Compressing objects:  31% (21/67)\u001b[K\rremote: Compressing objects:  32% (22/67)\u001b[K\rremote: Compressing objects:  34% (23/67)\u001b[K\rremote: Compressing objects:  35% (24/67)\u001b[K\rremote: Compressing objects:  37% (25/67)\u001b[K\rremote: Compressing objects:  38% (26/67)\u001b[K\rremote: Compressing objects:  40% (27/67)\u001b[K\rremote: Compressing objects:  41% (28/67)\u001b[K\rremote: Compressing objects:  43% (29/67)\u001b[K\rremote: Compressing objects:  44% (30/67)\u001b[K\rremote: Compressing objects:  46% (31/67)\u001b[K\rremote: Compressing objects:  47% (32/67)\u001b[K\rremote: Compressing objects:  49% (33/67)\u001b[K\rremote: Compressing objects:  50% (34/67)\u001b[K\rremote: Compressing objects:  52% (35/67)\u001b[K\rremote: Compressing objects:  53% (36/67)\u001b[K\rremote: Compressing objects:  55% (37/67)\u001b[K\rremote: Compressing objects:  56% (38/67)\u001b[K\rremote: Compressing objects:  58% (39/67)\u001b[K\rremote: Compressing objects:  59% (40/67)\u001b[K\rremote: Compressing objects:  61% (41/67)\u001b[K\rremote: Compressing objects:  62% (42/67)\u001b[K\rremote: Compressing objects:  64% (43/67)\u001b[K\rremote: Compressing objects:  65% (44/67)\u001b[K\rremote: Compressing objects:  67% (45/67)\u001b[K\rremote: Compressing objects:  68% (46/67)\u001b[K\rremote: Compressing objects:  70% (47/67)\u001b[K\rremote: Compressing objects:  71% (48/67)\u001b[K\rremote: Compressing objects:  73% (49/67)\u001b[K\rremote: Compressing objects:  74% (50/67)\u001b[K\rremote: Compressing objects:  76% (51/67)\u001b[K\rremote: Compressing objects:  77% (52/67)\u001b[K\rremote: Compressing objects:  79% (53/67)\u001b[K\rremote: Compressing objects:  80% (54/67)\u001b[K\rremote: Compressing objects:  82% (55/67)\u001b[K\rremote: Compressing objects:  83% (56/67)\u001b[K\rremote: Compressing objects:  85% (57/67)\u001b[K\rremote: Compressing objects:  86% (58/67)\u001b[K\rremote: Compressing objects:  88% (59/67)\u001b[K\rremote: Compressing objects:  89% (60/67)\u001b[K\rremote: Compressing objects:  91% (61/67)\u001b[K\rremote: Compressing objects:  92% (62/67)\u001b[K\rremote: Compressing objects:  94% (63/67)\u001b[K\rremote: Compressing objects:  95% (64/67)\u001b[K\rremote: Compressing objects:  97% (65/67)\u001b[K\rremote: Compressing objects:  98% (66/67)\u001b[K\rremote: Compressing objects: 100% (67/67)\u001b[K\rremote: Compressing objects: 100% (67/67), done.\u001b[K\r\n"}
,{"stream_name":"stdout","time":14.951438498,"data":"Receiving objects:   1% (1/83)\rReceiving objects:   2% (2/83)\rReceiving objects:   3% (3/83)\rReceiving objects:   4% (4/83)\rReceiving objects:   6% (5/83)\rReceiving objects:   7% (6/83)\rReceiving objects:   8% (7/83)\rReceiving objects:   9% (8/83)\rReceiving objects:  10% (9/83)\rReceiving objects:  12% (10/83)\rReceiving objects:  13% (11/83)\rReceiving objects:  14% (12/83)\rReceiving objects:  15% (13/83)\rReceiving objects:  16% (14/83)\rReceiving objects:  18% (15/83)\rReceiving objects:  19% (16/83)\rReceiving objects:  20% (17/83)\rReceiving objects:  21% (18/83)\rReceiving objects:  22% (19/83)\rReceiving objects:  24% (20/83)\rReceiving objects:  25% (21/83)\rReceiving objects:  26% (22/83)\rReceiving objects:  27% (23/83)\rReceiving objects:  28% (24/83)\rReceiving objects:  30% (25/83)\rReceiving objects:  31% (26/83)\rReceiving objects:  32% (27/83)\rReceiving objects:  33% (28/83)\rReceiving objects:  34% (29/83)\rReceiving objects:  36% (30/83)\rReceiving objects:  37% (31/83)\rReceiving objects:  38% (32/83)\rReceiving objects:  39% (33/83)\rReceiving objects:  40% (34/83)\rReceiving objects:  42% (35/83)\rReceiving objects:  43% (36/83)\rReceiving objects:  44% (37/83)\rReceiving objects:  45% (38/83)\rReceiving objects:  46% (39/83)\rReceiving objects:  48% (40/83)\rReceiving objects:  49% (41/83)\rReceiving objects:  50% (42/83)\rReceiving objects:  51% (43/83)\rReceiving objects:  53% (44/83)\rReceiving objects:  54% (45/83)\rReceiving objects:  55% (46/83)\rReceiving objects:  56% (47/83)\rremote: Total 83 (delta 19), reused 64 (delta 7), pack-reused 0 (from 0)\u001b[K\r\n"}
,{"stream_name":"stdout","time":14.951474920999999,"data":"Receiving objects:  57% (48/83)\rReceiving objects:  59% (49/83)\rReceiving objects:  60% (50/83)\rReceiving objects:  61% (51/83)\rReceiving objects:  62% (52/83)\rReceiving objects:  63% (53/83)\rReceiving objects:  65% (54/83)\rReceiving objects:  66% (55/83)\rReceiving objects:  67% (56/83)\rReceiving objects:  68% (57/83)\rReceiving objects:  69% (58/83)\rReceiving objects:  71% (59/83)\rReceiving objects:  72% (60/83)\rReceiving objects:  73% (61/83)\rReceiving objects:  74% (62/83)\rReceiving objects:  75% (63/83)\rReceiving objects:  77% (64/83)\rReceiving objects:  78% (65/83)\rReceiving objects:  79% (66/83)\rReceiving objects:  80% (67/83)\rReceiving objects:  81% (68/83)\rReceiving objects:  83% (69/83)\rReceiving objects:  84% (70/83)\rReceiving objects:  85% (71/83)\rReceiving objects:  86% (72/83)\rReceiving objects:  87% (73/83)\rReceiving objects:  89% (74/83)\rReceiving objects:  90% (75/83)\rReceiving objects:  91% (76/83)\rReceiving objects:  92% (77/83)\rReceiving objects:  93% (78/83)\rReceiving objects:  95% (79/83)\rReceiving objects:  96% (80/83)\rReceiving objects:  97% (81/83)\rReceiving objects:  98% (82/83)\rReceiving objects: 100% (83/83)\rReceiving objects: 100% (83/83), 1.49 MiB | 9.07 MiB/s, done.\r\n"}
,{"stream_name":"stdout","time":14.951517578,"data":"Resolving deltas:   0% (0/19)\rResolving deltas:   5% (1/19)\rResolving deltas:  10% (2/19)\rResolving deltas:  15% (3/19)\rResolving deltas:  21% (4/19)\rResolving deltas:  26% (5/19)\rResolving deltas:  31% (6/19)\rResolving deltas:  36% (7/19)\rResolving deltas:  42% (8/19)\rResolving deltas:  47% (9/19)\rResolving deltas:  52% (10/19)\rResolving deltas:  57% (11/19)\rResolving deltas:  63% (12/19)\rResolving deltas:  68% (13/19)\rResolving deltas:  73% (14/19)\rResolving deltas:  78% (15/19)\rResolving deltas:  84% (16/19)\rResolving deltas:  89% (17/19)\rResolving deltas:  94% (18/19)\rResolving deltas: 100% (19/19)\rResolving deltas: 100% (19/19), done.\r\n"}
,{"stream_name":"stdout","time":15.08175033,"data":"/kaggle/working/Devnagari_Handwriting_Recognition\n"}
,{"stream_name":"stdout","time":15.081785282,"data":"\u001b[33m3669ec5\u001b[m\u001b[33m (\u001b[m\u001b[1;36mHEAD -\u003e \u001b[m\u001b[1;32mml\u001b[m\u001b[33m, \u001b[m\u001b[1;31morigin/ml\u001b[m\u001b[33m)\u001b[m Kaggle Notebook | notebook985c2854b0 | Version 2\r\n"}
,{"stream_name":"stdout","time":15.231028831,"data":"DEVNAGARI_DATA_ROOT = /kaggle/input/datasets/sanskritipoudel/devnagari-preprocessed/Datasets\n"}
,{"stream_name":"stdout","time":15.231116172,"data":"contents: ['test', 'train']\n"}
,{"stream_name":"stdout","time":15.231123721,"data":"sample path: /kaggle/input/datasets/sanskritipoudel/devnagari-preprocessed/Datasets/train/digit_1/39814.png -\u003e exists: True\n"}
,{"stream_name":"stdout","time":17.602835559,"data":"[Device] Using: cuda\r\n"}
,{"stream_name":"stdout","time":17.602874196,"data":"[Config] batch_size = 64\r\n"}
,{"stream_name":"stdout","time":17.653663409,"data":"[CRNNDataset] Loaded 73609 images for split 'train'\r\n"}
,{"stream_name":"stdout","time":17.653715378,"data":"[CRNNDataset] Loaded 9191 images for split 'val'\r\n"}
,{"stream_name":"stdout","time":17.653720325,"data":"[CRNNDataset] Loaded 9200 images for split 'test'\r\n"}
,{"stream_name":"stdout","time":18.16159097,"data":"[CRNN] Model created with 47 classes\r\n"}
,{"stream_name":"stdout","time":18.161615854,"data":"[CRNN] Total parameters: 6,712,559\r\n"}
,{"stream_name":"stdout","time":531.684165943,"data":"Epoch   1 | Train Loss: 1.5549 | Val Loss: 0.2509 | 2026-06-09 16:10:24\r\n"}
,{"stream_name":"stdout","time":531.732680075,"data":"  [CHECKPOINT] models/crnn/checkpoints/best_model.pth\r\n"}
,{"stream_name":"stdout","time":795.937454929,"data":"Epoch   2 | Train Loss: 0.1616 | Val Loss: 0.1341 | 2026-06-09 16:14:49\r\n"}
,{"stream_name":"stdout","time":795.986128532,"data":"  [CHECKPOINT] models/crnn/checkpoints/best_model.pth\r\n"}
,{"stream_name":"stdout","time":1046.505344936,"data":"Epoch   3 | Train Loss: 0.0846 | Val Loss: 0.1198 | 2026-06-09 16:18:59\r\n"}
,{"stream_name":"stdout","time":1046.555579891,"data":"  [CHECKPOINT] models/crnn/checkpoints/best_model.pth\r\n"}
,{"stream_name":"stdout","time":1295.623204855,"data":"Epoch   4 | Train Loss: 0.0573 | Val Loss: 0.0932 | 2026-06-09 16:23:08\r\n"}
,{"stream_name":"stdout","time":1295.675611005,"data":"  [CHECKPOINT] models/crnn/checkpoints/best_model.pth\r\n"}
,{"stream_name":"stdout","time":1544.409660817,"data":"Epoch   5 | Train Loss: 0.0392 | Val Loss: 0.0901 | 2026-06-09 16:27:17\r\n"}
,{"stream_name":"stdout","time":1544.454153563,"data":"  [CHECKPOINT] models/crnn/checkpoints/best_model.pth\r\n"}
,{"stream_name":"stdout","time":1816.275554179,"data":"Epoch   6 | Train Loss: 0.0346 | Val Loss: 0.0799 | 2026-06-09 16:31:49\r\n"}
,{"stream_name":"stdout","time":1816.321230559,"data":"  [CHECKPOINT] models/crnn/checkpoints/best_model.pth\r\n"}
,{"stream_name":"stdout","time":2084.633332745,"data":"Epoch   7 | Train Loss: 0.0270 | Val Loss: 0.0850 | 2026-06-09 16:36:17\r\n"}
,{"stream_name":"stdout","time":2336.134878974,"data":"Epoch   8 | Train Loss: 0.0227 | Val Loss: 0.0803 | 2026-06-09 16:40:29\r\n"}
,{"stream_name":"stdout","time":2593.963030592,"data":"Epoch   9 | Train Loss: 0.0206 | Val Loss: 0.0748 | 2026-06-09 16:44:47\r\n"}
,{"stream_name":"stdout","time":2594.012651206,"data":"  [CHECKPOINT] models/crnn/checkpoints/best_model.pth\r\n"}
,{"stream_name":"stdout","time":2852.428765234,"data":"Epoch  10 | Train Loss: 0.0162 | Val Loss: 0.0795 | 2026-06-09 16:49:05\r\n"}
,{"stream_name":"stdout","time":3107.895305998,"data":"Epoch  11 | Train Loss: 0.0053 | Val Loss: 0.0454 | 2026-06-09 16:53:21\r\n"}
,{"stream_name":"stdout","time":3107.943913963,"data":"  [CHECKPOINT] models/crnn/checkpoints/best_model.pth\r\n"}
,{"stream_name":"stdout","time":3372.955289417,"data":"Epoch  12 | Train Loss: 0.0017 | Val Loss: 0.0448 | 2026-06-09 16:57:46\r\n"}
,{"stream_name":"stdout","time":3372.998854405,"data":"  [CHECKPOINT] models/crnn/checkpoints/best_model.pth\r\n"}
,{"stream_name":"stdout","time":3657.767105798,"data":"Epoch  13 | Train Loss: 0.0005 | Val Loss: 0.0475 | 2026-06-09 17:02:30\r\n"}
,{"stream_name":"stdout","time":3947.250124526,"data":"Epoch  14 | Train Loss: 0.0045 | Val Loss: 0.0570 | 2026-06-09 17:07:20\r\n"}
,{"stream_name":"stdout","time":4191.783574723,"data":"Epoch  15 | Train Loss: 0.0042 | Val Loss: 0.0622 | 2026-06-09 17:11:25\r\n"}
,{"stream_name":"stdout","time":4427.060974088,"data":"Epoch  16 | Train Loss: 0.0028 | Val Loss: 0.0509 | 2026-06-09 17:15:20\r\n"}
,{"stream_name":"stdout","time":4698.44772581,"data":"Epoch  17 | Train Loss: 0.0021 | Val Loss: 0.0609 | 2026-06-09 17:19:51\r\n"}
,{"stream_name":"stdout","time":4943.237788299,"data":"Epoch  18 | Train Loss: 0.0027 | Val Loss: 0.0563 | 2026-06-09 17:23:56\r\n"}
,{"stream_name":"stdout","time":5186.18599048,"data":"Epoch  19 | Train Loss: 0.0022 | Val Loss: 0.0606 | 2026-06-09 17:27:59\r\n"}
,{"stream_name":"stdout","time":5421.606525087,"data":"Epoch  20 | Train Loss: 0.0029 | Val Loss: 0.0613 | 2026-06-09 17:31:54\r\n"}
,{"stream_name":"stdout","time":5664.270932367,"data":"Epoch  21 | Train Loss: 0.0007 | Val Loss: 0.0587 | 2026-06-09 17:35:57\r\n"}
,{"stream_name":"stdout","time":5899.642137545,"data":"Epoch  22 | Train Loss: 0.0002 | Val Loss: 0.0526 | 2026-06-09 17:39:52\r\n"}
,{"stream_name":"stdout","time":5899.642172177,"data":"[EARLY STOP] Early stopping after 22 epochs\r\n"}
,{"stream_name":"stdout","time":5899.642176719,"data":"[DONE] Training complete. Best model: models/crnn/checkpoints/best_model.pth\r\n"}
,{"stream_name":"stdout","time":5902.515396768,"data":"saved models/crnn/checkpoints/best_model.pth\n"}
,{"stream_name":"stdout","time":5902.515448743,"data":"saved logs/crnn_training.csv\n"}
,{"stream_name":"stdout","time":5902.515457307,"data":"['best_model.pth', 'crnn_training.csv']\n"}
,{"stream_name":"stderr","time":5906.010470317,"data":"/usr/local/lib/python3.12/dist-packages/mistune.py:435: SyntaxWarning: invalid escape sequence '\\|'\n"}
,{"stream_name":"stderr","time":5906.0105327,"data":"  cells[i][c] = re.sub('\\\\\\\\\\|', '|', cell)\n"}
,{"stream_name":"stderr","time":5906.196005118,"data":"/usr/local/lib/python3.12/dist-packages/nbconvert/filters/filter_links.py:36: SyntaxWarning: invalid escape sequence '\\_'\n"}
,{"stream_name":"stderr","time":5906.196047831,"data":"  text = re.sub(r'_', '\\_', text) # Escape underscores in display text\n"}
,{"stream_name":"stderr","time":5906.913676887,"data":"[NbConvertApp] Converting notebook __notebook__.ipynb to notebook\n"}
,{"stream_name":"stderr","time":5907.241250157,"data":"[NbConvertApp] Writing 11491 bytes to __notebook__.ipynb\n"}
,{"stream_name":"stderr","time":5909.809538547,"data":"[NbConvertApp] Converting notebook __notebook__.ipynb to html\n"}
,{"stream_name":"stderr","time":5910.695818992,"data":"[NbConvertApp] Writing 287194 bytes to __results__.html\n"}
]